   ▲ Next.js 15.5.18
   - Local:        http://localhost:3000
   - Network:      http://10.5.0.2:3000

 ✓ Starting...
 ✓ Ready in 4.2s
 ○ Compiling / ...
 ✓ Compiled / in 8s (693 modules)
 GET / 200 in 5004ms
 GET / 200 in 9082ms
 ✓ Compiled in 1231ms (305 modules)
 GET / 200 in 237ms
 GET / 200 in 102ms
 GET / 200 in 189ms
 GET / 200 in 101ms
 ✓ Compiled in 1170ms (693 modules)
 GET / 200 in 424ms
 ✓ Compiled in 1472ms (693 modules)
 GET / 200 in 288ms
 ✓ Compiled in 2s (693 modules)
 GET / 200 in 378ms
 ✓ Compiled in 1001ms (693 modules)
 GET / 200 in 261ms
 ✓ Compiled in 830ms (693 modules)
 GET / 200 in 400ms
 GET / 200 in 581ms
 ✓ Compiled in 762ms (693 modules)
 GET / 200 in 104ms
 ✓ Compiled in 561ms (693 modules)
 GET / 200 in 159ms
 ✓ Compiled in 1054ms (693 modules)
 GET / 200 in 290ms
 ✓ Compiled in 599ms (693 modules)
 GET / 200 in 208ms
 GET / 200 in 586ms
 ✓ Compiled in 521ms (305 modules)
 GET / 200 in 70ms
 GET / 200 in 105ms
 ✓ Compiled in 1264ms (693 modules)
 GET / 200 in 237ms
 ✓ Compiled in 768ms (693 modules)
 GET / 200 in 214ms
 GET / 200 in 416ms
 ✓ Compiled in 786ms (693 modules)
 GET / 200 in 258ms
